# JRE version: OpenJDK Runtime Environment Temurin-22.0.2+9 (22.0.2+9) (build 22.0.2+9)
# Java VM: OpenJDK 64-Bit Server VM Temurin-22.0.2+9 (22.0.2+9, mixed mode, tiered, compressed oops, compressed class ptrs, g1 gc, windows-amd64)
GC Precious Log:
 CardTable entry size: 512
 Card Set container configuration: InlinePtr #cards 4 size 8 Array Of Cards #cards 16 size 48 Howl #buckets 8 coarsen threshold 3686 Howl Bitmap #cards 512 size 80 coarsen threshold 460 Card regions per heap region 1 cards per card region 4096
 CPUs: 8 total, 8 available
 Memory: 15610M
 Large Page Support: Disabled
 NUMA Support: Disabled
 Compressed Oops: Enabled (Zero based)
 Heap Region Size: 2M
 Heap Min Capacity: 8M
 Heap Initial Capacity: 244M
 Heap Max Capacity: 3904M
 Pre-touch: Disabled
 Parallel Workers: 8
 Concurrent Workers: 2
 Concurrent Refinement Workers: 8
 Periodic GC: Disabled
Heap:
 garbage-first heap   total reserved 3997696K, committed 110592K, used 48804K [0x000000070c000000, 0x0000000800000000)
  region size 2048K, 12 young (24576K), 2 survivors (4096K)
 Metaspace       used 88848K, committed 89728K, reserved 1179648K
  class space    used 11341K, committed 11712K, reserved 1048576K
GC Heap History (20 events):
Event: 58.757 GC heap before
{Heap before GC invocations=26 (full 0):
 garbage-first heap   total reserved 3997696K, committed 77824K, used 61122K [0x000000070c000000, 0x0000000800000000)
  region size 2048K, 18 young (36864K), 3 survivors (6144K)
 Metaspace       used 83591K, committed 84352K, reserved 1179648K
  class space    used 10862K, committed 11200K, reserved 1048576K
}
Event: 58.762 GC heap after
{Heap after GC invocations=27 (full 0):
 garbage-first heap   total reserved 3997696K, committed 77824K, used 32572K [0x000000070c000000, 0x0000000800000000)
  region size 2048K, 2 young (4096K), 2 survivors (4096K)
 Metaspace       used 83591K, committed 84352K, reserved 1179648K
  class space    used 10862K, committed 11200K, reserved 1048576K
}
Event: 129.455 GC heap before
{Heap before GC invocations=27 (full 0):
 garbage-first heap   total reserved 3997696K, committed 77824K, used 63292K [0x000000070c000000, 0x0000000800000000)
  region size 2048K, 18 young (36864K), 2 survivors (4096K)
 Metaspace       used 86230K, committed 86976K, reserved 1179648K
  class space    used 11182K, committed 11520K, reserved 1048576K
}
Event: 129.463 GC heap after
{Heap after GC invocations=28 (full 0):
 garbage-first heap   total reserved 3997696K, committed 77824K, used 34670K [0x000000070c000000, 0x0000000800000000)
  region size 2048K, 3 young (6144K), 3 survivors (6144K)
 Metaspace       used 86230K, committed 86976K, reserved 1179648K
  class space    used 11182K, committed 11520K, reserved 1048576K
}
Event: 161.556 GC heap before
{Heap before GC invocations=28 (full 0):
 garbage-first heap   total reserved 3997696K, committed 77824K, used 38766K [0x000000070c000000, 0x0000000800000000)
  region size 2048K, 6 young (12288K), 3 survivors (6144K)
 Metaspace       used 86329K, committed 87168K, reserved 1179648K
  class space    used 11211K, committed 11584K, reserved 1048576K
}
Event: 161.681 GC heap after
{Heap after GC invocations=29 (full 1):
 garbage-first heap   total reserved 3997696K, committed 77824K, used 28897K [0x000000070c000000, 0x0000000800000000)
  region size 2048K, 0 young (0K), 0 survivors (0K)
 Metaspace       used 86329K, committed 87168K, reserved 1179648K
  class space    used 11211K, committed 11584K, reserved 1048576K
}
Event: 162.981 GC heap before
{Heap before GC invocations=29 (full 1):
 garbage-first heap   total reserved 3997696K, committed 77824K, used 67809K [0x000000070c000000, 0x0000000800000000)
  region size 2048K, 20 young (40960K), 0 survivors (0K)
 Metaspace       used 86545K, committed 87296K, reserved 1179648K
  class space    used 11229K, committed 11584K, reserved 1048576K
}
Event: 162.985 GC heap after
{Heap after GC invocations=30 (full 1):
 garbage-first heap   total reserved 3997696K, committed 77824K, used 32684K [0x000000070c000000, 0x0000000800000000)
  region size 2048K, 2 young (4096K), 2 survivors (4096K)
 Metaspace       used 86545K, committed 87296K, reserved 1179648K
  class space    used 11229K, committed 11584K, reserved 1048576K
}
Event: 164.288 GC heap before
{Heap before GC invocations=30 (full 1):
 garbage-first heap   total reserved 3997696K, committed 77824K, used 65452K [0x000000070c000000, 0x0000000800000000)
  region size 2048K, 18 young (36864K), 2 survivors (4096K)
 Metaspace       used 87240K, committed 88000K, reserved 1179648K
  class space    used 11258K, committed 11584K, reserved 1048576K
}
Event: 164.292 GC heap after
{Heap after GC invocations=31 (full 1):
 garbage-first heap   total reserved 3997696K, committed 77824K, used 35727K [0x000000070c000000, 0x0000000800000000)
  region size 2048K, 2 young (4096K), 2 survivors (4096K)
 Metaspace       used 87240K, committed 88000K, reserved 1179648K
  class space    used 11258K, committed 11584K, reserved 1048576K
}
Event: 165.792 GC heap before
{Heap before GC invocations=31 (full 1):
 garbage-first heap   total reserved 3997696K, committed 77824K, used 37775K [0x000000070c000000, 0x0000000800000000)
  region size 2048K, 4 young (8192K), 2 survivors (4096K)
 Metaspace       used 87267K, committed 88064K, reserved 1179648K
  class space    used 11259K, committed 11584K, reserved 1048576K
}
Event: 165.916 GC heap after
{Heap after GC invocations=32 (full 2):
 garbage-first heap   total reserved 3997696K, committed 77824K, used 26746K [0x000000070c000000, 0x0000000800000000)
  region size 2048K, 0 young (0K), 0 survivors (0K)
 Metaspace       used 87267K, committed 88064K, reserved 1179648K
  class space    used 11259K, committed 11584K, reserved 1048576K
}
Event: 166.891 GC heap before
{Heap before GC invocations=32 (full 2):
 garbage-first heap   total reserved 3997696K, committed 77824K, used 65658K [0x000000070c000000, 0x0000000800000000)
  region size 2048K, 19 young (38912K), 0 survivors (0K)
 Metaspace       used 87612K, committed 88448K, reserved 1179648K
  class space    used 11277K, committed 11648K, reserved 1048576K
}
Event: 166.894 GC heap after
{Heap after GC invocations=33 (full 2):
 garbage-first heap   total reserved 3997696K, committed 77824K, used 30279K [0x000000070c000000, 0x0000000800000000)
  region size 2048K, 2 young (4096K), 2 survivors (4096K)
 Metaspace       used 87612K, committed 88448K, reserved 1179648K
  class space    used 11277K, committed 11648K, reserved 1048576K
}
Event: 167.852 GC heap before
{Heap before GC invocations=33 (full 2):
 garbage-first heap   total reserved 3997696K, committed 77824K, used 65095K [0x000000070c000000, 0x0000000800000000)
  region size 2048K, 19 young (38912K), 2 survivors (4096K)
 Metaspace       used 88200K, committed 88960K, reserved 1179648K
  class space    used 11305K, committed 11648K, reserved 1048576K
}
Event: 167.857 GC heap after
{Heap after GC invocations=34 (full 2):
 garbage-first heap   total reserved 3997696K, committed 77824K, used 33737K [0x000000070c000000, 0x0000000800000000)
  region size 2048K, 2 young (4096K), 2 survivors (4096K)
 Metaspace       used 88200K, committed 88960K, reserved 1179648K
  class space    used 11305K, committed 11648K, reserved 1048576K
}
Event: 169.346 GC heap before
{Heap before GC invocations=34 (full 2):
 garbage-first heap   total reserved 3997696K, committed 77824K, used 35785K [0x000000070c000000, 0x0000000800000000)
  region size 2048K, 4 young (8192K), 2 survivors (4096K)
 Metaspace       used 88207K, committed 88960K, reserved 1179648K
  class space    used 11305K, committed 11648K, reserved 1048576K
}
Event: 169.449 GC heap after
{Heap after GC invocations=35 (full 3):
 garbage-first heap   total reserved 3997696K, committed 77824K, used 27112K [0x000000070c000000, 0x0000000800000000)
  region size 2048K, 0 young (0K), 0 survivors (0K)
 Metaspace       used 88204K, committed 88960K, reserved 1179648K
  class space    used 11305K, committed 11648K, reserved 1048576K
}
Event: 170.394 GC heap before
{Heap before GC invocations=35 (full 3):
 garbage-first heap   total reserved 3997696K, committed 77824K, used 63976K [0x000000070c000000, 0x0000000800000000)
  region size 2048K, 18 young (36864K), 0 survivors (0K)
 Metaspace       used 88412K, committed 89216K, reserved 1179648K
  class space    used 11321K, committed 11712K, reserved 1048576K
}
Event: 170.398 GC heap after
{Heap after GC invocations=36 (full 3):
 garbage-first heap   total reserved 3997696K, committed 110592K, used 30372K [0x000000070c000000, 0x0000000800000000)
  region size 2048K, 2 young (4096K), 2 survivors (4096K)
 Metaspace       used 88412K, committed 89216K, reserved 1179648K
  class space    used 11321K, committed 11712K, reserved 1048576K
}

